[debug] [2022-04-10T17:38:56.659Z] ----------------------------------------------------------------------
[debug] [2022-04-10T17:38:56.661Z] Command:       D:\nodejs\node.exe C:\Users\gocpa\AppData\Roaming\npm\node_modules\firebase-tools\lib\bin\firebase.js emulators:start
[debug] [2022-04-10T17:38:56.661Z] CLI Version:   10.6.0
[debug] [2022-04-10T17:38:56.661Z] Platform:      win32
[debug] [2022-04-10T17:38:56.662Z] Node Version:  v16.14.2
[debug] [2022-04-10T17:38:56.662Z] Time:          Sun Apr 10 2022 23:08:56 GMT+0530 (India Standard Time)
[debug] [2022-04-10T17:38:56.663Z] ----------------------------------------------------------------------
[debug] 
[debug] [2022-04-10T17:38:56.729Z] > command requires scopes: ["email","openid","https://www.googleapis.com/auth/cloudplatformprojects.readonly","https://www.googleapis.com/auth/firebase","https://www.googleapis.com/auth/cloud-platform"]
[debug] [2022-04-10T17:38:56.730Z] > authorizing via signed-in user (poojapaul.92@gmail.com)
[info] i  emulators: Starting emulators: functions, hosting {"metadata":{"emulator":{"name":"hub"},"message":"Starting emulators: functions, hosting"}}
[debug] [2022-04-10T17:38:56.766Z] [hub] writing locator at C:\Users\gocpa\AppData\Local\Temp\hub-clone-df53f.json
[warn] !  functions: The following emulators are not running, calls to these services from the Functions emulator will affect production: auth, firestore, database, pubsub, storage {"metadata":{"emulator":{"name":"functions"},"message":"The following emulators are not running, calls to these services from the Functions emulator will affect production: \u001b[1mauth, firestore, database, pubsub, storage\u001b[22m"}}
[info] +  functions: Using node@16 from host. {"metadata":{"emulator":{"name":"functions"},"message":"Using node@16 from host."}}
[debug] [2022-04-10T17:38:56.785Z] defaultcredentials: writing to file C:\Users\gocpa\AppData\Roaming\firebase\poojapaul_92_gmail.com_application_default_credentials.json
[debug] [2022-04-10T17:38:56.787Z] Setting GAC to C:\Users\gocpa\AppData\Roaming\firebase\poojapaul_92_gmail.com_application_default_credentials.json {"metadata":{"emulator":{"name":"functions"},"message":"Setting GAC to C:\\Users\\gocpa\\AppData\\Roaming\\firebase\\poojapaul_92_gmail.com_application_default_credentials.json"}}
[debug] [2022-04-10T17:38:56.789Z] > refreshing access token with scopes: []
[debug] [2022-04-10T17:38:56.790Z] >>> HTTP REQUEST POST https://www.googleapis.com/oauth2/v3/token  
 <request body omitted>
[debug] [2022-04-10T17:38:57.093Z] <<< HTTP RESPONSE 200 {"pragma":"no-cache","cache-control":"no-cache, no-store, max-age=0, must-revalidate","expires":"Mon, 01 Jan 1990 00:00:00 GMT","date":"Sun, 10 Apr 2022 17:38:56 GMT","content-type":"application/json; charset=utf-8","vary":"X-Origin, Referer, Origin,Accept-Encoding","server":"scaffolding on HTTPServer2","x-xss-protection":"0","x-frame-options":"SAMEORIGIN","x-content-type-options":"nosniff","alt-svc":"h3=\":443\"; ma=2592000,h3-29=\":443\"; ma=2592000,h3-Q050=\":443\"; ma=2592000,h3-Q046=\":443\"; ma=2592000,h3-Q043=\":443\"; ma=2592000,quic=\":443\"; ma=2592000; v=\"46,43\"","accept-ranges":"none","transfer-encoding":"chunked"}
[debug] [2022-04-10T17:38:57.129Z] >>> [apiv2][query] GET https://firebase.googleapis.com/v1beta1/projects/clone-df53f/adminSdkConfig [none]
[debug] [2022-04-10T17:38:57.961Z] <<< [apiv2][status] GET https://firebase.googleapis.com/v1beta1/projects/clone-df53f/adminSdkConfig 200
[debug] [2022-04-10T17:38:57.962Z] <<< [apiv2][body] GET https://firebase.googleapis.com/v1beta1/projects/clone-df53f/adminSdkConfig {"projectId":"clone-df53f","storageBucket":"clone-df53f.appspot.com"}
[debug] [2022-04-10T17:38:57.978Z] >>> [apiv2][query] GET https://firebasehosting.googleapis.com/v1beta1/projects/clone-df53f/sites 
[debug] [2022-04-10T17:38:59.871Z] <<< [apiv2][status] GET https://firebasehosting.googleapis.com/v1beta1/projects/clone-df53f/sites 200
[debug] [2022-04-10T17:38:59.872Z] <<< [apiv2][body] GET https://firebasehosting.googleapis.com/v1beta1/projects/clone-df53f/sites {"sites":[{"name":"projects/445736918117/sites/clone-df53f","defaultUrl":"https://clone-df53f.web.app","appId":"1:445736918117:web:e481660efc5c396034ba8c","type":"DEFAULT_SITE"}]}
[debug] [2022-04-10T17:38:59.872Z] >>> [apiv2][query] GET https://firebase.googleapis.com/v1beta1/projects/clone-df53f/webApps/1:445736918117:web:e481660efc5c396034ba8c/config [none]
[debug] [2022-04-10T17:39:01.476Z] <<< [apiv2][status] GET https://firebase.googleapis.com/v1beta1/projects/clone-df53f/webApps/1:445736918117:web:e481660efc5c396034ba8c/config 200
[debug] [2022-04-10T17:39:01.476Z] <<< [apiv2][body] GET https://firebase.googleapis.com/v1beta1/projects/clone-df53f/webApps/1:445736918117:web:e481660efc5c396034ba8c/config {"projectId":"clone-df53f","appId":"1:445736918117:web:e481660efc5c396034ba8c","storageBucket":"clone-df53f.appspot.com","apiKey":"AIzaSyCawYFo04BFeMRlMT0qy9vPqPFRE_FXBOM","authDomain":"clone-df53f.firebaseapp.com","messagingSenderId":"445736918117"}
[info] i  hosting: Serving hosting files from: build {"metadata":{"emulator":{"name":"hosting"},"message":"Serving hosting files from: \u001b[1mbuild\u001b[22m"}}
[info] +  hosting: Local server: http://localhost:5000 {"metadata":{"emulator":{"name":"hosting"},"message":"Local server: \u001b[4m\u001b[1mhttp://localhost:5000\u001b[22m\u001b[24m"}}
[debug] [2022-04-10T17:39:01.529Z] Ignoring unsupported arg: auto_download {"metadata":{"emulator":{"name":"ui"},"message":"Ignoring unsupported arg: auto_download"}}
[debug] [2022-04-10T17:39:01.529Z] Ignoring unsupported arg: port {"metadata":{"emulator":{"name":"ui"},"message":"Ignoring unsupported arg: port"}}
[debug] [2022-04-10T17:39:01.530Z] Starting Emulator UI with command {"binary":"node","args":["C:\\Users\\gocpa\\.cache\\firebase\\emulators\\ui-v1.6.5\\server.bundle.js"],"optionalArgs":[],"joinArgs":false} {"metadata":{"emulator":{"name":"ui"},"message":"Starting Emulator UI with command {\"binary\":\"node\",\"args\":[\"C:\\\\Users\\\\gocpa\\\\.cache\\\\firebase\\\\emulators\\\\ui-v1.6.5\\\\server.bundle.js\"],\"optionalArgs\":[],\"joinArgs\":false}"}}
[info] i  ui: Emulator UI logging to ui-debug.log {"metadata":{"emulator":{"name":"ui"},"message":"Emulator UI logging to \u001b[1mui-debug.log\u001b[22m"}}
[debug] [2022-04-10T17:39:02.037Z] Web / API server started at localhost:4000
 {"metadata":{"emulator":{"name":"ui"},"message":"Web / API server started at localhost:4000\n"}}
[info] i  functions: Watching "C:\Users\gocpa\Desktop\cleverprogrammmerprojects\amazon-clone\functions" for Cloud Functions... {"metadata":{"emulator":{"name":"functions"},"message":"Watching \"C:\\Users\\gocpa\\Desktop\\cleverprogrammmerprojects\\amazon-clone\\functions\" for Cloud Functions..."}}
[debug] [2022-04-10T17:39:02.173Z] Validating nodejs source
[debug] [2022-04-10T17:39:04.925Z] > [functions] package.json contents: {
  "name": "functions",
  "description": "Cloud Functions for Firebase",
  "scripts": {
    "lint": "eslint .",
    "serve": "firebase emulators:start --only functions",
    "shell": "firebase functions:shell",
    "start": "npm run shell",
    "deploy": "firebase deploy --only functions",
    "logs": "firebase functions:log"
  },
  "engines": {
    "node": "16"
  },
  "main": "index.js",
  "dependencies": {
    "cors": "^2.8.5",
    "express": "^4.17.3",
    "firebase-admin": "^10.0.2",
    "firebase-functions": "^3.18.0",
    "stripe": "^8.216.0"
  },
  "devDependencies": {
    "eslint": "^8.9.0",
    "eslint-config-google": "^0.14.0",
    "firebase-functions-test": "^0.2.0"
  },
  "private": true
}
[debug] [2022-04-10T17:39:04.926Z] Building nodejs source
[debug] [2022-04-10T17:39:04.926Z] Analyzing nodejs backend spec
[info] +  functions[us-central1-api]: http function initialized (http://localhost:5001/clone-df53f/us-central1/api). {"metadata":{"emulator":{"name":"functions"},"message":"\u001b[1mhttp\u001b[22m function initialized (http://localhost:5001/clone-df53f/us-central1/api)."}}
[info] 
┌─────────────────────────────────────────────────────────────┐
│ ✔  All emulators ready! It is now safe to connect your app. │
│ i  View Emulator UI at http://localhost:4000                │
└─────────────────────────────────────────────────────────────┘

┌───────────┬────────────────┬─────────────────────────────────┐
│ Emulator  │ Host:Port      │ View in Emulator UI             │
├───────────┼────────────────┼─────────────────────────────────┤
│ Functions │ localhost:5001 │ http://localhost:4000/functions │
├───────────┼────────────────┼─────────────────────────────────┤
│ Hosting   │ localhost:5000 │ n/a                             │
└───────────┴────────────────┴─────────────────────────────────┘
  Emulator Hub running at localhost:4400
  Other reserved ports: 4500

Issues? Report them at https://github.com/firebase/firebase-tools/issues and attach the *-debug.log files.
 
[debug] [2022-04-10T17:40:54.606Z] File C:\Users\gocpa\Desktop\cleverprogrammmerprojects\amazon-clone\functions\index.js changed, reloading triggers {"metadata":{"emulator":{"name":"functions"},"message":"File C:\\Users\\gocpa\\Desktop\\cleverprogrammmerprojects\\amazon-clone\\functions\\index.js changed, reloading triggers"}}
[debug] [2022-04-10T17:40:55.607Z] Validating nodejs source
[debug] [2022-04-10T17:40:58.718Z] > [functions] package.json contents: {
  "name": "functions",
  "description": "Cloud Functions for Firebase",
  "scripts": {
    "lint": "eslint .",
    "serve": "firebase emulators:start --only functions",
    "shell": "firebase functions:shell",
    "start": "npm run shell",
    "deploy": "firebase deploy --only functions",
    "logs": "firebase functions:log"
  },
  "engines": {
    "node": "16"
  },
  "main": "index.js",
  "dependencies": {
    "cors": "^2.8.5",
    "express": "^4.17.3",
    "firebase-admin": "^10.0.2",
    "firebase-functions": "^3.18.0",
    "stripe": "^8.216.0"
  },
  "devDependencies": {
    "eslint": "^8.9.0",
    "eslint-config-google": "^0.14.0",
    "firebase-functions-test": "^0.2.0"
  },
  "private": true
}
[debug] [2022-04-10T17:40:58.718Z] Building nodejs source
[debug] [2022-04-10T17:40:58.718Z] Analyzing nodejs backend spec
[debug] [2022-04-10T17:41:14.214Z] [work-queue] {"queueLength":1,"workRunningCount":0}
[debug] [2022-04-10T17:41:14.214Z] [work-queue] {"queueLength":0,"workRunningCount":1}
[debug] [2022-04-10T17:41:14.215Z] Accepted request GET /clone-df53f/us-central1/api --> us-central1-api
[debug] [2022-04-10T17:41:14.226Z] [worker-pool] addWorker(us-central1-api) {"metadata":{"emulator":{"name":"functions"},"message":"[worker-pool] addWorker(us-central1-api)"}}
[debug] [2022-04-10T17:41:14.226Z] [worker-pool] Adding worker with key us-central1-api, total=1 {"metadata":{"emulator":{"name":"functions"},"message":"[worker-pool] Adding worker with key us-central1-api, total=1"}}
[debug] [2022-04-10T17:41:14.227Z] [worker-pool] submitWork(triggerId=us-central1-api) {"metadata":{"emulator":{"name":"functions"},"message":"[worker-pool] submitWork(triggerId=us-central1-api)"}}
[debug] [2022-04-10T17:41:14.227Z] [worker-us-central1-api-6d8f085f-a9d2-4a9f-8ca5-2b39aa6e9423]: Assigning socketPath: \\?\pipe\C:\Users\gocpa\Desktop\cleverprogrammmerprojects\amazon-clone\functions\10496 {"metadata":{"emulator":{"name":"functions"},"message":"[worker-us-central1-api-6d8f085f-a9d2-4a9f-8ca5-2b39aa6e9423]: Assigning socketPath: \\\\?\\pipe\\C:\\Users\\gocpa\\Desktop\\cleverprogrammmerprojects\\amazon-clone\\functions\\10496"}}
[debug] [2022-04-10T17:41:14.228Z] [worker-us-central1-api-6d8f085f-a9d2-4a9f-8ca5-2b39aa6e9423]: BUSY {"metadata":{"emulator":{"name":"functions"},"message":"[worker-us-central1-api-6d8f085f-a9d2-4a9f-8ca5-2b39aa6e9423]: BUSY"}}
[debug] [2022-04-10T17:41:16.674Z] [runtime-status] [10496] Functions runtime initialized. {"cwd":"C:\\Users\\gocpa\\Desktop\\cleverprogrammmerprojects\\amazon-clone\\functions","node_version":"16.14.2"} {"metadata":{"emulator":{"name":"functions"},"function":{"name":"us-central1-api"},"extension":{},"message":"[runtime-status] [10496] Functions runtime initialized. {\"cwd\":\"C:\\\\Users\\\\gocpa\\\\Desktop\\\\cleverprogrammmerprojects\\\\amazon-clone\\\\functions\",\"node_version\":\"16.14.2\"}"}}
[debug] [2022-04-10T17:41:16.675Z] [runtime-status] [10496] Disabled runtime features: undefined {"metadata":{"emulator":{"name":"functions"},"function":{"name":"us-central1-api"},"extension":{},"message":"[runtime-status] [10496] Disabled runtime features: undefined"}}
[debug] [2022-04-10T17:41:16.677Z] [runtime-status] [10496] Resolved module firebase-admin {"declared":true,"installed":true,"version":"10.0.2","resolution":"C:\\Users\\gocpa\\Desktop\\cleverprogrammmerprojects\\amazon-clone\\functions\\node_modules\\firebase-admin\\lib\\index.js"} {"metadata":{"emulator":{"name":"functions"},"function":{"name":"us-central1-api"},"extension":{},"message":"[runtime-status] [10496] Resolved module firebase-admin {\"declared\":true,\"installed\":true,\"version\":\"10.0.2\",\"resolution\":\"C:\\\\Users\\\\gocpa\\\\Desktop\\\\cleverprogrammmerprojects\\\\amazon-clone\\\\functions\\\\node_modules\\\\firebase-admin\\\\lib\\\\index.js\"}"}}
[debug] [2022-04-10T17:41:16.679Z] [runtime-status] [10496] Resolved module firebase-functions {"declared":true,"installed":true,"version":"3.20.0","resolution":"C:\\Users\\gocpa\\Desktop\\cleverprogrammmerprojects\\amazon-clone\\functions\\node_modules\\firebase-functions\\lib\\index.js"} {"metadata":{"emulator":{"name":"functions"},"function":{"name":"us-central1-api"},"extension":{},"message":"[runtime-status] [10496] Resolved module firebase-functions {\"declared\":true,\"installed\":true,\"version\":\"3.20.0\",\"resolution\":\"C:\\\\Users\\\\gocpa\\\\Desktop\\\\cleverprogrammmerprojects\\\\amazon-clone\\\\functions\\\\node_modules\\\\firebase-functions\\\\lib\\\\index.js\"}"}}
[debug] [2022-04-10T17:41:16.679Z] [runtime-status] [10496] Outgoing network have been stubbed. [{"name":"http","status":"mocked"},{"name":"http","status":"mocked"},{"name":"https","status":"mocked"},{"name":"https","status":"mocked"},{"name":"net","status":"mocked"}] {"metadata":{"emulator":{"name":"functions"},"function":{"name":"us-central1-api"},"extension":{},"message":"[runtime-status] [10496] Outgoing network have been stubbed. [{\"name\":\"http\",\"status\":\"mocked\"},{\"name\":\"http\",\"status\":\"mocked\"},{\"name\":\"https\",\"status\":\"mocked\"},{\"name\":\"https\",\"status\":\"mocked\"},{\"name\":\"net\",\"status\":\"mocked\"}]"}}
[debug] [2022-04-10T17:41:16.680Z] [runtime-status] [10496] Resolved module firebase-functions {"declared":true,"installed":true,"version":"3.20.0","resolution":"C:\\Users\\gocpa\\Desktop\\cleverprogrammmerprojects\\amazon-clone\\functions\\node_modules\\firebase-functions\\lib\\index.js"} {"metadata":{"emulator":{"name":"functions"},"function":{"name":"us-central1-api"},"extension":{},"message":"[runtime-status] [10496] Resolved module firebase-functions {\"declared\":true,\"installed\":true,\"version\":\"3.20.0\",\"resolution\":\"C:\\\\Users\\\\gocpa\\\\Desktop\\\\cleverprogrammmerprojects\\\\amazon-clone\\\\functions\\\\node_modules\\\\firebase-functions\\\\lib\\\\index.js\"}"}}
[debug] [2022-04-10T17:41:16.765Z] [runtime-status] [10496] Checked functions.config() {"config":{}} {"metadata":{"emulator":{"name":"functions"},"function":{"name":"us-central1-api"},"extension":{},"message":"[runtime-status] [10496] Checked functions.config() {\"config\":{}}"}}
[debug] [2022-04-10T17:41:16.766Z] [runtime-status] [10496] firebase-functions has been stubbed. {"functionsResolution":{"declared":true,"installed":true,"version":"3.20.0","resolution":"C:\\Users\\gocpa\\Desktop\\cleverprogrammmerprojects\\amazon-clone\\functions\\node_modules\\firebase-functions\\lib\\index.js"}} {"metadata":{"emulator":{"name":"functions"},"function":{"name":"us-central1-api"},"extension":{},"message":"[runtime-status] [10496] firebase-functions has been stubbed. {\"functionsResolution\":{\"declared\":true,\"installed\":true,\"version\":\"3.20.0\",\"resolution\":\"C:\\\\Users\\\\gocpa\\\\Desktop\\\\cleverprogrammmerprojects\\\\amazon-clone\\\\functions\\\\node_modules\\\\firebase-functions\\\\lib\\\\index.js\"}}"}}
[debug] [2022-04-10T17:41:16.766Z] [runtime-status] [10496] Resolved module firebase-functions {"declared":true,"installed":true,"version":"3.20.0","resolution":"C:\\Users\\gocpa\\Desktop\\cleverprogrammmerprojects\\amazon-clone\\functions\\node_modules\\firebase-functions\\lib\\index.js"} {"metadata":{"emulator":{"name":"functions"},"function":{"name":"us-central1-api"},"extension":{},"message":"[runtime-status] [10496] Resolved module firebase-functions {\"declared\":true,\"installed\":true,\"version\":\"3.20.0\",\"resolution\":\"C:\\\\Users\\\\gocpa\\\\Desktop\\\\cleverprogrammmerprojects\\\\amazon-clone\\\\functions\\\\node_modules\\\\firebase-functions\\\\lib\\\\index.js\"}"}}
[debug] [2022-04-10T17:41:16.768Z] [runtime-status] [10496] Resolved module firebase-admin {"declared":true,"installed":true,"version":"10.0.2","resolution":"C:\\Users\\gocpa\\Desktop\\cleverprogrammmerprojects\\amazon-clone\\functions\\node_modules\\firebase-admin\\lib\\index.js"} {"metadata":{"emulator":{"name":"functions"},"function":{"name":"us-central1-api"},"extension":{},"message":"[runtime-status] [10496] Resolved module firebase-admin {\"declared\":true,\"installed\":true,\"version\":\"10.0.2\",\"resolution\":\"C:\\\\Users\\\\gocpa\\\\Desktop\\\\cleverprogrammmerprojects\\\\amazon-clone\\\\functions\\\\node_modules\\\\firebase-admin\\\\lib\\\\index.js\"}"}}
[debug] [2022-04-10T17:41:16.768Z] [runtime-status] [10496] Resolved module firebase-functions {"declared":true,"installed":true,"version":"3.20.0","resolution":"C:\\Users\\gocpa\\Desktop\\cleverprogrammmerprojects\\amazon-clone\\functions\\node_modules\\firebase-functions\\lib\\index.js"} {"metadata":{"emulator":{"name":"functions"},"function":{"name":"us-central1-api"},"extension":{},"message":"[runtime-status] [10496] Resolved module firebase-functions {\"declared\":true,\"installed\":true,\"version\":\"3.20.0\",\"resolution\":\"C:\\\\Users\\\\gocpa\\\\Desktop\\\\cleverprogrammmerprojects\\\\amazon-clone\\\\functions\\\\node_modules\\\\firebase-functions\\\\lib\\\\index.js\"}"}}
[debug] [2022-04-10T17:41:16.769Z] [runtime-status] [10496] firebase-admin has been stubbed. {"adminResolution":{"declared":true,"installed":true,"version":"10.0.2","resolution":"C:\\Users\\gocpa\\Desktop\\cleverprogrammmerprojects\\amazon-clone\\functions\\node_modules\\firebase-admin\\lib\\index.js"}} {"metadata":{"emulator":{"name":"functions"},"function":{"name":"us-central1-api"},"extension":{},"message":"[runtime-status] [10496] firebase-admin has been stubbed. {\"adminResolution\":{\"declared\":true,\"installed\":true,\"version\":\"10.0.2\",\"resolution\":\"C:\\\\Users\\\\gocpa\\\\Desktop\\\\cleverprogrammmerprojects\\\\amazon-clone\\\\functions\\\\node_modules\\\\firebase-admin\\\\lib\\\\index.js\"}}"}}
[debug] [2022-04-10T17:41:16.937Z] [runtime-status] [10496] Beginning invocation function api! {"metadata":{"emulator":{"name":"functions"},"function":{"name":"us-central1-api"},"extension":{},"message":"[runtime-status] [10496] Beginning invocation function api!"}}
[info] i  functions: Beginning execution of "api" {"metadata":{"emulator":{"name":"functions"},"function":{"name":"us-central1-api"},"extension":{},"message":"Beginning execution of \"api\""}}
[debug] [2022-04-10T17:41:16.938Z] [runtime-status] [10496] Running api in signature http {"metadata":{"emulator":{"name":"functions"},"function":{"name":"us-central1-api"},"extension":{},"message":"[runtime-status] [10496] Running api in signature http"}}
[debug] [2022-04-10T17:41:16.941Z] [runtime-status] [10496] Attempting to listen to socketPath: \\?\pipe\C:\Users\gocpa\Desktop\cleverprogrammmerprojects\amazon-clone\functions\10496 {"metadata":{"emulator":{"name":"functions"},"function":{"name":"us-central1-api"},"extension":{},"message":"[runtime-status] [10496] Attempting to listen to socketPath: \\\\?\\pipe\\C:\\Users\\gocpa\\Desktop\\cleverprogrammmerprojects\\amazon-clone\\functions\\10496"}}
[debug] [2022-04-10T17:41:16.946Z] [functions] Runtime ready! Sending request! {"metadata":{"emulator":{"name":"functions"},"message":"[functions] Runtime ready! Sending request!"}}
[debug] [2022-04-10T17:41:16.946Z] [functions] Got req.url=/clone-df53f/us-central1/api, mapping to path=/ {"metadata":{"emulator":{"name":"functions"},"message":"[functions] Got req.url=/clone-df53f/us-central1/api, mapping to path=/"}}
[debug] [2022-04-10T17:41:16.962Z] [runtime-status] [10496] Ephemeral server handling GET request {"metadata":{"emulator":{"name":"functions"},"function":{"name":"us-central1-api"},"extension":{},"message":"[runtime-status] [10496] Ephemeral server handling GET request"}}
[debug] [2022-04-10T17:41:16.973Z] [runtime-status] [10496] Ephemeral server survived. {"metadata":{"emulator":{"name":"functions"},"function":{"name":"us-central1-api"},"extension":{},"message":"[runtime-status] [10496] Ephemeral server survived."}}
[info] i  functions: Finished "api" in ~1s {"metadata":{"emulator":{"name":"functions"},"function":{"name":"us-central1-api"},"extension":{},"message":"Finished \"api\" in ~1s"}}
[debug] [2022-04-10T17:41:16.979Z] [worker-us-central1-api-6d8f085f-a9d2-4a9f-8ca5-2b39aa6e9423]: IDLE {"metadata":{"emulator":{"name":"functions"},"message":"[worker-us-central1-api-6d8f085f-a9d2-4a9f-8ca5-2b39aa6e9423]: IDLE"}}
[debug] [2022-04-10T17:41:16.980Z] [work-queue] {"queueLength":0,"workRunningCount":0}
[debug] [2022-04-10T17:41:17.639Z] Functions emulator received unknown request at path /favicon.ico
[debug] [2022-04-10T18:04:50.805Z] File C:\Users\gocpa\Desktop\cleverprogrammmerprojects\amazon-clone\functions\index.js changed, reloading triggers {"metadata":{"emulator":{"name":"functions"},"message":"File C:\\Users\\gocpa\\Desktop\\cleverprogrammmerprojects\\amazon-clone\\functions\\index.js changed, reloading triggers"}}
[debug] [2022-04-10T18:04:51.816Z] [worker-pool] Shutting down IDLE worker (us-central1-api) {"metadata":{"emulator":{"name":"functions"},"message":"[worker-pool] Shutting down IDLE worker (us-central1-api)"}}
[debug] [2022-04-10T18:04:51.816Z] [worker-us-central1-api-6d8f085f-a9d2-4a9f-8ca5-2b39aa6e9423]: FINISHING {"metadata":{"emulator":{"name":"functions"},"message":"[worker-us-central1-api-6d8f085f-a9d2-4a9f-8ca5-2b39aa6e9423]: FINISHING"}}
[debug] [2022-04-10T18:04:51.821Z] Validating nodejs source
[debug] [2022-04-10T18:04:59.559Z] > [functions] package.json contents: {
  "name": "functions",
  "description": "Cloud Functions for Firebase",
  "scripts": {
    "lint": "eslint .",
    "serve": "firebase emulators:start --only functions",
    "shell": "firebase functions:shell",
    "start": "npm run shell",
    "deploy": "firebase deploy --only functions",
    "logs": "firebase functions:log"
  },
  "engines": {
    "node": "16"
  },
  "main": "index.js",
  "dependencies": {
    "cors": "^2.8.5",
    "express": "^4.17.3",
    "firebase-admin": "^10.0.2",
    "firebase-functions": "^3.18.0",
    "stripe": "^8.216.0"
  },
  "devDependencies": {
    "eslint": "^8.9.0",
    "eslint-config-google": "^0.14.0",
    "firebase-functions-test": "^0.2.0"
  },
  "private": true
}
[debug] [2022-04-10T18:04:59.560Z] Building nodejs source
[debug] [2022-04-10T18:04:59.561Z] Analyzing nodejs backend spec
[debug] [2022-04-10T18:04:59.579Z] [worker-us-central1-api-6d8f085f-a9d2-4a9f-8ca5-2b39aa6e9423]: exited {"metadata":{"emulator":{"name":"functions"},"message":"[worker-us-central1-api-6d8f085f-a9d2-4a9f-8ca5-2b39aa6e9423]: exited"}}
[debug] [2022-04-10T18:04:59.580Z] [worker-us-central1-api-6d8f085f-a9d2-4a9f-8ca5-2b39aa6e9423]: FINISHED {"metadata":{"emulator":{"name":"functions"},"message":"[worker-us-central1-api-6d8f085f-a9d2-4a9f-8ca5-2b39aa6e9423]: FINISHED"}}
[debug] [2022-04-10T18:06:12.965Z] [work-queue] {"queueLength":1,"workRunningCount":0}
[debug] [2022-04-10T18:06:12.966Z] [work-queue] {"queueLength":0,"workRunningCount":1}
[debug] [2022-04-10T18:06:12.966Z] Accepted request GET /clone-df53f/us-central1/api --> us-central1-api
[debug] [2022-04-10T18:06:12.967Z] [worker-pool] Cleaned up workers for us-central1-api: 1 --> 0 {"metadata":{"emulator":{"name":"functions"},"message":"[worker-pool] Cleaned up workers for us-central1-api: 1 --> 0"}}
[debug] [2022-04-10T18:06:12.987Z] [worker-pool] addWorker(us-central1-api) {"metadata":{"emulator":{"name":"functions"},"message":"[worker-pool] addWorker(us-central1-api)"}}
[debug] [2022-04-10T18:06:12.988Z] [worker-pool] Adding worker with key us-central1-api, total=1 {"metadata":{"emulator":{"name":"functions"},"message":"[worker-pool] Adding worker with key us-central1-api, total=1"}}
[debug] [2022-04-10T18:06:12.988Z] [worker-pool] submitWork(triggerId=us-central1-api) {"metadata":{"emulator":{"name":"functions"},"message":"[worker-pool] submitWork(triggerId=us-central1-api)"}}
[debug] [2022-04-10T18:06:12.989Z] [worker-us-central1-api-ba77513f-2606-41ba-9619-88905d33e1a2]: Assigning socketPath: \\?\pipe\C:\Users\gocpa\Desktop\cleverprogrammmerprojects\amazon-clone\functions\17640 {"metadata":{"emulator":{"name":"functions"},"message":"[worker-us-central1-api-ba77513f-2606-41ba-9619-88905d33e1a2]: Assigning socketPath: \\\\?\\pipe\\C:\\Users\\gocpa\\Desktop\\cleverprogrammmerprojects\\amazon-clone\\functions\\17640"}}
[debug] [2022-04-10T18:06:12.989Z] [worker-us-central1-api-ba77513f-2606-41ba-9619-88905d33e1a2]: BUSY {"metadata":{"emulator":{"name":"functions"},"message":"[worker-us-central1-api-ba77513f-2606-41ba-9619-88905d33e1a2]: BUSY"}}
[debug] [2022-04-10T18:06:17.733Z] [runtime-status] [17640] Functions runtime initialized. {"cwd":"C:\\Users\\gocpa\\Desktop\\cleverprogrammmerprojects\\amazon-clone\\functions","node_version":"16.14.2"} {"metadata":{"emulator":{"name":"functions"},"function":{"name":"us-central1-api"},"extension":{},"message":"[runtime-status] [17640] Functions runtime initialized. {\"cwd\":\"C:\\\\Users\\\\gocpa\\\\Desktop\\\\cleverprogrammmerprojects\\\\amazon-clone\\\\functions\",\"node_version\":\"16.14.2\"}"}}
[debug] [2022-04-10T18:06:17.736Z] [runtime-status] [17640] Disabled runtime features: undefined {"metadata":{"emulator":{"name":"functions"},"function":{"name":"us-central1-api"},"extension":{},"message":"[runtime-status] [17640] Disabled runtime features: undefined"}}
[debug] [2022-04-10T18:06:17.747Z] [runtime-status] [17640] Resolved module firebase-admin {"declared":true,"installed":true,"version":"10.0.2","resolution":"C:\\Users\\gocpa\\Desktop\\cleverprogrammmerprojects\\amazon-clone\\functions\\node_modules\\firebase-admin\\lib\\index.js"} {"metadata":{"emulator":{"name":"functions"},"function":{"name":"us-central1-api"},"extension":{},"message":"[runtime-status] [17640] Resolved module firebase-admin {\"declared\":true,\"installed\":true,\"version\":\"10.0.2\",\"resolution\":\"C:\\\\Users\\\\gocpa\\\\Desktop\\\\cleverprogrammmerprojects\\\\amazon-clone\\\\functions\\\\node_modules\\\\firebase-admin\\\\lib\\\\index.js\"}"}}
[debug] [2022-04-10T18:06:17.751Z] [runtime-status] [17640] Resolved module firebase-functions {"declared":true,"installed":true,"version":"3.20.0","resolution":"C:\\Users\\gocpa\\Desktop\\cleverprogrammmerprojects\\amazon-clone\\functions\\node_modules\\firebase-functions\\lib\\index.js"} {"metadata":{"emulator":{"name":"functions"},"function":{"name":"us-central1-api"},"extension":{},"message":"[runtime-status] [17640] Resolved module firebase-functions {\"declared\":true,\"installed\":true,\"version\":\"3.20.0\",\"resolution\":\"C:\\\\Users\\\\gocpa\\\\Desktop\\\\cleverprogrammmerprojects\\\\amazon-clone\\\\functions\\\\node_modules\\\\firebase-functions\\\\lib\\\\index.js\"}"}}
[debug] [2022-04-10T18:06:17.752Z] [runtime-status] [17640] Outgoing network have been stubbed. [{"name":"http","status":"mocked"},{"name":"http","status":"mocked"},{"name":"https","status":"mocked"},{"name":"https","status":"mocked"},{"name":"net","status":"mocked"}] {"metadata":{"emulator":{"name":"functions"},"function":{"name":"us-central1-api"},"extension":{},"message":"[runtime-status] [17640] Outgoing network have been stubbed. [{\"name\":\"http\",\"status\":\"mocked\"},{\"name\":\"http\",\"status\":\"mocked\"},{\"name\":\"https\",\"status\":\"mocked\"},{\"name\":\"https\",\"status\":\"mocked\"},{\"name\":\"net\",\"status\":\"mocked\"}]"}}
[debug] [2022-04-10T18:06:17.754Z] [runtime-status] [17640] Resolved module firebase-functions {"declared":true,"installed":true,"version":"3.20.0","resolution":"C:\\Users\\gocpa\\Desktop\\cleverprogrammmerprojects\\amazon-clone\\functions\\node_modules\\firebase-functions\\lib\\index.js"} {"metadata":{"emulator":{"name":"functions"},"function":{"name":"us-central1-api"},"extension":{},"message":"[runtime-status] [17640] Resolved module firebase-functions {\"declared\":true,\"installed\":true,\"version\":\"3.20.0\",\"resolution\":\"C:\\\\Users\\\\gocpa\\\\Desktop\\\\cleverprogrammmerprojects\\\\amazon-clone\\\\functions\\\\node_modules\\\\firebase-functions\\\\lib\\\\index.js\"}"}}
[debug] [2022-04-10T18:06:18.080Z] [runtime-status] [17640] Checked functions.config() {"config":{}} {"metadata":{"emulator":{"name":"functions"},"function":{"name":"us-central1-api"},"extension":{},"message":"[runtime-status] [17640] Checked functions.config() {\"config\":{}}"}}
[debug] [2022-04-10T18:06:18.082Z] [runtime-status] [17640] firebase-functions has been stubbed. {"functionsResolution":{"declared":true,"installed":true,"version":"3.20.0","resolution":"C:\\Users\\gocpa\\Desktop\\cleverprogrammmerprojects\\amazon-clone\\functions\\node_modules\\firebase-functions\\lib\\index.js"}} {"metadata":{"emulator":{"name":"functions"},"function":{"name":"us-central1-api"},"extension":{},"message":"[runtime-status] [17640] firebase-functions has been stubbed. {\"functionsResolution\":{\"declared\":true,\"installed\":true,\"version\":\"3.20.0\",\"resolution\":\"C:\\\\Users\\\\gocpa\\\\Desktop\\\\cleverprogrammmerprojects\\\\amazon-clone\\\\functions\\\\node_modules\\\\firebase-functions\\\\lib\\\\index.js\"}}"}}
[debug] [2022-04-10T18:06:18.086Z] [runtime-status] [17640] Resolved module firebase-functions {"declared":true,"installed":true,"version":"3.20.0","resolution":"C:\\Users\\gocpa\\Desktop\\cleverprogrammmerprojects\\amazon-clone\\functions\\node_modules\\firebase-functions\\lib\\index.js"} {"metadata":{"emulator":{"name":"functions"},"function":{"name":"us-central1-api"},"extension":{},"message":"[runtime-status] [17640] Resolved module firebase-functions {\"declared\":true,\"installed\":true,\"version\":\"3.20.0\",\"resolution\":\"C:\\\\Users\\\\gocpa\\\\Desktop\\\\cleverprogrammmerprojects\\\\amazon-clone\\\\functions\\\\node_modules\\\\firebase-functions\\\\lib\\\\index.js\"}"}}
[debug] [2022-04-10T18:06:18.091Z] [runtime-status] [17640] Resolved module firebase-admin {"declared":true,"installed":true,"version":"10.0.2","resolution":"C:\\Users\\gocpa\\Desktop\\cleverprogrammmerprojects\\amazon-clone\\functions\\node_modules\\firebase-admin\\lib\\index.js"} {"metadata":{"emulator":{"name":"functions"},"function":{"name":"us-central1-api"},"extension":{},"message":"[runtime-status] [17640] Resolved module firebase-admin {\"declared\":true,\"installed\":true,\"version\":\"10.0.2\",\"resolution\":\"C:\\\\Users\\\\gocpa\\\\Desktop\\\\cleverprogrammmerprojects\\\\amazon-clone\\\\functions\\\\node_modules\\\\firebase-admin\\\\lib\\\\index.js\"}"}}
[debug] [2022-04-10T18:06:18.099Z] [runtime-status] [17640] Resolved module firebase-functions {"declared":true,"installed":true,"version":"3.20.0","resolution":"C:\\Users\\gocpa\\Desktop\\cleverprogrammmerprojects\\amazon-clone\\functions\\node_modules\\firebase-functions\\lib\\index.js"} {"metadata":{"emulator":{"name":"functions"},"function":{"name":"us-central1-api"},"extension":{},"message":"[runtime-status] [17640] Resolved module firebase-functions {\"declared\":true,\"installed\":true,\"version\":\"3.20.0\",\"resolution\":\"C:\\\\Users\\\\gocpa\\\\Desktop\\\\cleverprogrammmerprojects\\\\amazon-clone\\\\functions\\\\node_modules\\\\firebase-functions\\\\lib\\\\index.js\"}"}}
[debug] [2022-04-10T18:06:18.100Z] [runtime-status] [17640] firebase-admin has been stubbed. {"adminResolution":{"declared":true,"installed":true,"version":"10.0.2","resolution":"C:\\Users\\gocpa\\Desktop\\cleverprogrammmerprojects\\amazon-clone\\functions\\node_modules\\firebase-admin\\lib\\index.js"}} {"metadata":{"emulator":{"name":"functions"},"function":{"name":"us-central1-api"},"extension":{},"message":"[runtime-status] [17640] firebase-admin has been stubbed. {\"adminResolution\":{\"declared\":true,\"installed\":true,\"version\":\"10.0.2\",\"resolution\":\"C:\\\\Users\\\\gocpa\\\\Desktop\\\\cleverprogrammmerprojects\\\\amazon-clone\\\\functions\\\\node_modules\\\\firebase-admin\\\\lib\\\\index.js\"}}"}}
[debug] [2022-04-10T18:06:18.565Z] [runtime-status] [17640] Beginning invocation function api! {"metadata":{"emulator":{"name":"functions"},"function":{"name":"us-central1-api"},"extension":{},"message":"[runtime-status] [17640] Beginning invocation function api!"}}
[info] i  functions: Beginning execution of "api" {"metadata":{"emulator":{"name":"functions"},"function":{"name":"us-central1-api"},"extension":{},"message":"Beginning execution of \"api\""}}
[debug] [2022-04-10T18:06:18.568Z] [runtime-status] [17640] Running api in signature http {"metadata":{"emulator":{"name":"functions"},"function":{"name":"us-central1-api"},"extension":{},"message":"[runtime-status] [17640] Running api in signature http"}}
[debug] [2022-04-10T18:06:18.579Z] [runtime-status] [17640] Attempting to listen to socketPath: \\?\pipe\C:\Users\gocpa\Desktop\cleverprogrammmerprojects\amazon-clone\functions\17640 {"metadata":{"emulator":{"name":"functions"},"function":{"name":"us-central1-api"},"extension":{},"message":"[runtime-status] [17640] Attempting to listen to socketPath: \\\\?\\pipe\\C:\\Users\\gocpa\\Desktop\\cleverprogrammmerprojects\\amazon-clone\\functions\\17640"}}
[debug] [2022-04-10T18:06:18.594Z] [functions] Runtime ready! Sending request! {"metadata":{"emulator":{"name":"functions"},"message":"[functions] Runtime ready! Sending request!"}}
[debug] [2022-04-10T18:06:18.596Z] [functions] Got req.url=/clone-df53f/us-central1/api, mapping to path=/ {"metadata":{"emulator":{"name":"functions"},"message":"[functions] Got req.url=/clone-df53f/us-central1/api, mapping to path=/"}}
[debug] [2022-04-10T18:06:18.627Z] [runtime-status] [17640] Ephemeral server handling GET request {"metadata":{"emulator":{"name":"functions"},"function":{"name":"us-central1-api"},"extension":{},"message":"[runtime-status] [17640] Ephemeral server handling GET request"}}
[debug] [2022-04-10T18:06:18.653Z] [runtime-status] [17640] Ephemeral server survived. {"metadata":{"emulator":{"name":"functions"},"function":{"name":"us-central1-api"},"extension":{},"message":"[runtime-status] [17640] Ephemeral server survived."}}
[info] i  functions: Finished "api" in ~1s {"metadata":{"emulator":{"name":"functions"},"function":{"name":"us-central1-api"},"extension":{},"message":"Finished \"api\" in ~1s"}}
[debug] [2022-04-10T18:06:18.678Z] [worker-us-central1-api-ba77513f-2606-41ba-9619-88905d33e1a2]: IDLE {"metadata":{"emulator":{"name":"functions"},"message":"[worker-us-central1-api-ba77513f-2606-41ba-9619-88905d33e1a2]: IDLE"}}
[debug] [2022-04-10T18:06:18.679Z] [work-queue] {"queueLength":0,"workRunningCount":0}
[debug] [2022-04-10T18:06:59.629Z] [work-queue] {"queueLength":1,"workRunningCount":0}
[debug] [2022-04-10T18:06:59.629Z] [work-queue] {"queueLength":0,"workRunningCount":1}
[debug] [2022-04-10T18:06:59.630Z] Accepted request POST /clone-df53f/us-central1/api/payment/create?total=79332 --> us-central1-api
[debug] [2022-04-10T18:06:59.630Z] [worker-pool] submitWork(triggerId=us-central1-api) {"metadata":{"emulator":{"name":"functions"},"message":"[worker-pool] submitWork(triggerId=us-central1-api)"}}
[debug] [2022-04-10T18:06:59.631Z] [worker-us-central1-api-ba77513f-2606-41ba-9619-88905d33e1a2]: Assigning socketPath: \\?\pipe\C:\Users\gocpa\Desktop\cleverprogrammmerprojects\amazon-clone\functions\17640 {"metadata":{"emulator":{"name":"functions"},"message":"[worker-us-central1-api-ba77513f-2606-41ba-9619-88905d33e1a2]: Assigning socketPath: \\\\?\\pipe\\C:\\Users\\gocpa\\Desktop\\cleverprogrammmerprojects\\amazon-clone\\functions\\17640"}}
[debug] [2022-04-10T18:06:59.631Z] [worker-us-central1-api-ba77513f-2606-41ba-9619-88905d33e1a2]: BUSY {"metadata":{"emulator":{"name":"functions"},"message":"[worker-us-central1-api-ba77513f-2606-41ba-9619-88905d33e1a2]: BUSY"}}
[debug] [2022-04-10T18:06:59.633Z] [runtime-status] [17640] Beginning invocation function api! {"metadata":{"emulator":{"name":"functions"},"function":{"name":"us-central1-api"},"extension":{},"message":"[runtime-status] [17640] Beginning invocation function api!"}}
[info] i  functions: Beginning execution of "api" {"metadata":{"emulator":{"name":"functions"},"function":{"name":"us-central1-api"},"extension":{},"message":"Beginning execution of \"api\""}}
[debug] [2022-04-10T18:06:59.638Z] [runtime-status] [17640] Running api in signature http {"metadata":{"emulator":{"name":"functions"},"function":{"name":"us-central1-api"},"extension":{},"message":"[runtime-status] [17640] Running api in signature http"}}
[debug] [2022-04-10T18:06:59.642Z] [runtime-status] [17640] Attempting to listen to socketPath: \\?\pipe\C:\Users\gocpa\Desktop\cleverprogrammmerprojects\amazon-clone\functions\17640 {"metadata":{"emulator":{"name":"functions"},"function":{"name":"us-central1-api"},"extension":{},"message":"[runtime-status] [17640] Attempting to listen to socketPath: \\\\?\\pipe\\C:\\Users\\gocpa\\Desktop\\cleverprogrammmerprojects\\amazon-clone\\functions\\17640"}}
[debug] [2022-04-10T18:06:59.648Z] [functions] Runtime ready! Sending request! {"metadata":{"emulator":{"name":"functions"},"message":"[functions] Runtime ready! Sending request!"}}
[debug] [2022-04-10T18:06:59.649Z] [functions] Got req.url=/clone-df53f/us-central1/api/payment/create?total=79332, mapping to path=/payment/create?total=79332 {"metadata":{"emulator":{"name":"functions"},"message":"[functions] Got req.url=/clone-df53f/us-central1/api/payment/create?total=79332, mapping to path=/payment/create?total=79332"}}
[debug] [2022-04-10T18:06:59.657Z] [runtime-status] [17640] Ephemeral server handling POST request {"metadata":{"emulator":{"name":"functions"},"function":{"name":"us-central1-api"},"extension":{},"message":"[runtime-status] [17640] Ephemeral server handling POST request"}}
[debug] [2022-04-10T18:06:59.666Z] [runtime-status] [17640] Ephemeral server survived. {"metadata":{"emulator":{"name":"functions"},"function":{"name":"us-central1-api"},"extension":{},"message":"[runtime-status] [17640] Ephemeral server survived."}}
[info] i  functions: Finished "api" in ~1s {"metadata":{"emulator":{"name":"functions"},"function":{"name":"us-central1-api"},"extension":{},"message":"Finished \"api\" in ~1s"}}
[debug] [2022-04-10T18:06:59.672Z] [worker-us-central1-api-ba77513f-2606-41ba-9619-88905d33e1a2]: IDLE {"metadata":{"emulator":{"name":"functions"},"message":"[worker-us-central1-api-ba77513f-2606-41ba-9619-88905d33e1a2]: IDLE"}}
[debug] [2022-04-10T18:06:59.672Z] [work-queue] {"queueLength":0,"workRunningCount":0}
[debug] [2022-04-10T18:10:57.603Z] [work-queue] {"queueLength":1,"workRunningCount":0}
[debug] [2022-04-10T18:10:57.604Z] [work-queue] {"queueLength":0,"workRunningCount":1}
[debug] [2022-04-10T18:10:57.604Z] Accepted request POST /clone-df53f/us-central1/api/payment/create?total=79332 --> us-central1-api
[debug] [2022-04-10T18:10:57.604Z] [worker-pool] submitWork(triggerId=us-central1-api) {"metadata":{"emulator":{"name":"functions"},"message":"[worker-pool] submitWork(triggerId=us-central1-api)"}}
[debug] [2022-04-10T18:10:57.605Z] [worker-us-central1-api-ba77513f-2606-41ba-9619-88905d33e1a2]: Assigning socketPath: \\?\pipe\C:\Users\gocpa\Desktop\cleverprogrammmerprojects\amazon-clone\functions\17640 {"metadata":{"emulator":{"name":"functions"},"message":"[worker-us-central1-api-ba77513f-2606-41ba-9619-88905d33e1a2]: Assigning socketPath: \\\\?\\pipe\\C:\\Users\\gocpa\\Desktop\\cleverprogrammmerprojects\\amazon-clone\\functions\\17640"}}
[debug] [2022-04-10T18:10:57.605Z] [worker-us-central1-api-ba77513f-2606-41ba-9619-88905d33e1a2]: BUSY {"metadata":{"emulator":{"name":"functions"},"message":"[worker-us-central1-api-ba77513f-2606-41ba-9619-88905d33e1a2]: BUSY"}}
[debug] [2022-04-10T18:10:57.607Z] [runtime-status] [17640] Beginning invocation function api! {"metadata":{"emulator":{"name":"functions"},"function":{"name":"us-central1-api"},"extension":{},"message":"[runtime-status] [17640] Beginning invocation function api!"}}
[info] i  functions: Beginning execution of "api" {"metadata":{"emulator":{"name":"functions"},"function":{"name":"us-central1-api"},"extension":{},"message":"Beginning execution of \"api\""}}
[debug] [2022-04-10T18:10:57.609Z] [runtime-status] [17640] Running api in signature http {"metadata":{"emulator":{"name":"functions"},"function":{"name":"us-central1-api"},"extension":{},"message":"[runtime-status] [17640] Running api in signature http"}}
[debug] [2022-04-10T18:10:57.610Z] [runtime-status] [17640] Attempting to listen to socketPath: \\?\pipe\C:\Users\gocpa\Desktop\cleverprogrammmerprojects\amazon-clone\functions\17640 {"metadata":{"emulator":{"name":"functions"},"function":{"name":"us-central1-api"},"extension":{},"message":"[runtime-status] [17640] Attempting to listen to socketPath: \\\\?\\pipe\\C:\\Users\\gocpa\\Desktop\\cleverprogrammmerprojects\\amazon-clone\\functions\\17640"}}
[debug] [2022-04-10T18:10:57.617Z] [functions] Runtime ready! Sending request! {"metadata":{"emulator":{"name":"functions"},"message":"[functions] Runtime ready! Sending request!"}}
[debug] [2022-04-10T18:10:57.618Z] [functions] Got req.url=/clone-df53f/us-central1/api/payment/create?total=79332, mapping to path=/payment/create?total=79332 {"metadata":{"emulator":{"name":"functions"},"message":"[functions] Got req.url=/clone-df53f/us-central1/api/payment/create?total=79332, mapping to path=/payment/create?total=79332"}}
[debug] [2022-04-10T18:10:57.623Z] [runtime-status] [17640] Ephemeral server handling POST request {"metadata":{"emulator":{"name":"functions"},"function":{"name":"us-central1-api"},"extension":{},"message":"[runtime-status] [17640] Ephemeral server handling POST request"}}
[debug] [2022-04-10T18:10:57.627Z] [runtime-status] [17640] Ephemeral server survived. {"metadata":{"emulator":{"name":"functions"},"function":{"name":"us-central1-api"},"extension":{},"message":"[runtime-status] [17640] Ephemeral server survived."}}
[info] i  functions: Finished "api" in ~1s {"metadata":{"emulator":{"name":"functions"},"function":{"name":"us-central1-api"},"extension":{},"message":"Finished \"api\" in ~1s"}}
[debug] [2022-04-10T18:10:57.632Z] [worker-us-central1-api-ba77513f-2606-41ba-9619-88905d33e1a2]: IDLE {"metadata":{"emulator":{"name":"functions"},"message":"[worker-us-central1-api-ba77513f-2606-41ba-9619-88905d33e1a2]: IDLE"}}
[debug] [2022-04-10T18:10:57.633Z] [work-queue] {"queueLength":0,"workRunningCount":0}
